青岛部落/build/outputs/logs/manifest-merger-debug-report.txt
-- Merging decision tree log ---
manifest
ADDED from 青岛部落/青岛部落/AndroidManifest.xml:2:1-204:12
	package
		ADDED from 青岛部落/青岛部落/AndroidManifest.xml:3:5-34
	android:versionName
		ADDED from 青岛部落/青岛部落/AndroidManifest.xml:5:5-30
		INJECTED from 青岛部落/青岛部落/AndroidManifest.xml
		INJECTED from 青岛部落/青岛部落/AndroidManifest.xml
	android:versionCode
		ADDED from 青岛部落/青岛部落/AndroidManifest.xml:4:5-28
		INJECTED from 青岛部落/青岛部落/AndroidManifest.xml
		INJECTED from 青岛部落/青岛部落/AndroidManifest.xml
	xmlns:android
		ADDED from 青岛部落/青岛部落/AndroidManifest.xml:2:11-69
uses-sdk
ADDED from 青岛部落/青岛部落/AndroidManifest.xml:7:5-9:41
MERGED from [青岛部落:ViewPagerlibrary:unspecified] AndroidManifest.xml:7:5-43
MERGED from [青岛部落.SlidingMenu-master:library:unspecified] AndroidManifest.xml:7:5-9:41
MERGED from [青岛部落:library:unspecified] AndroidManifest.xml:7:5-9:41
	android:targetSdkVersion
		ADDED from 青岛部落/青岛部落/AndroidManifest.xml:9:9-38
	android:minSdkVersion
		ADDED from 青岛部落/青岛部落/AndroidManifest.xml:8:9-34
uses-permission#android.permission.INTERNET
ADDED from 青岛部落/青岛部落/AndroidManifest.xml:13:6-68
	android:name
		ADDED from 青岛部落/青岛部落/AndroidManifest.xml:13:23-65
uses-permission#android.permission.ACCESS_WIFI_STATE
ADDED from 青岛部落/青岛部落/AndroidManifest.xml:14:2-73
	android:name
		ADDED from 青岛部落/青岛部落/AndroidManifest.xml:14:19-70
uses-permission#android.permission.ACCESS_NETWORK_STATE
ADDED from 青岛部落/青岛部落/AndroidManifest.xml:15:2-76
	android:name
		ADDED from 青岛部落/青岛部落/AndroidManifest.xml:15:19-73
uses-permission#android.permission.CHANGE_WIFI_STATE
ADDED from 青岛部落/青岛部落/AndroidManifest.xml:16:2-73
	android:name
		ADDED from 青岛部落/青岛部落/AndroidManifest.xml:16:19-70
uses-permission#android.permission.WRITE_EXTERNAL_STORAGE
ADDED from 青岛部落/青岛部落/AndroidManifest.xml:17:2-78
	android:name
		ADDED from 青岛部落/青岛部落/AndroidManifest.xml:17:19-75
uses-permission#android.permission.READ_PHONE_STATE
ADDED from 青岛部落/青岛部落/AndroidManifest.xml:18:2-72
	android:name
		ADDED from 青岛部落/青岛部落/AndroidManifest.xml:18:19-69
uses-permission#android.permission.MANAGE_ACCOUNTS
ADDED from 青岛部落/青岛部落/AndroidManifest.xml:19:2-70
	android:name
		ADDED from 青岛部落/青岛部落/AndroidManifest.xml:19:19-68
uses-permission#android.permission.GET_ACCOUNTS
ADDED from 青岛部落/青岛部落/AndroidManifest.xml:20:2-67
	android:name
		ADDED from 青岛部落/青岛部落/AndroidManifest.xml:20:19-65
uses-permission#com.example.qingdao.permission.JPUSH_MESSAGE
ADDED from 青岛部落/青岛部落/AndroidManifest.xml:23:5-84
	android:name
		ADDED from 青岛部落/青岛部落/AndroidManifest.xml:23:22-81
uses-permission#android.permission.RECEIVE_USER_PRESENT
ADDED from 青岛部落/青岛部落/AndroidManifest.xml:24:5-79
	android:name
		ADDED from 青岛部落/青岛部落/AndroidManifest.xml:24:22-76
uses-permission#android.permission.WAKE_LOCK
ADDED from 青岛部落/青岛部落/AndroidManifest.xml:26:5-68
	android:name
		ADDED from 青岛部落/青岛部落/AndroidManifest.xml:26:22-65
uses-permission#android.permission.READ_EXTERNAL_STORAGE
ADDED from 青岛部落/青岛部落/AndroidManifest.xml:29:5-80
	android:name
		ADDED from 青岛部落/青岛部落/AndroidManifest.xml:29:22-77
uses-permission#android.permission.VIBRATE
ADDED from 青岛部落/青岛部落/AndroidManifest.xml:30:5-66
	android:name
		ADDED from 青岛部落/青岛部落/AndroidManifest.xml:30:22-63
uses-permission#android.permission.MOUNT_UNMOUNT_FILESYSTEMS
ADDED from 青岛部落/青岛部落/AndroidManifest.xml:31:5-84
	android:name
		ADDED from 青岛部落/青岛部落/AndroidManifest.xml:31:22-81
uses-permission#android.permission.WRITE_SETTINGS
ADDED from 青岛部落/青岛部落/AndroidManifest.xml:33:5-73
	android:name
		ADDED from 青岛部落/青岛部落/AndroidManifest.xml:33:22-70
uses-permission#android.permission.ACCESS_COARSE_LOCATION
ADDED from 青岛部落/青岛部落/AndroidManifest.xml:37:5-81
	android:name
		ADDED from 青岛部落/青岛部落/AndroidManifest.xml:37:22-78
uses-permission#android.permission.ACCESS_FINE_LOCATION
ADDED from 青岛部落/青岛部落/AndroidManifest.xml:39:5-79
	android:name
		ADDED from 青岛部落/青岛部落/AndroidManifest.xml:39:22-76
uses-permission#android.permission.ACCESS_LOCATION_EXTRA_COMMANDS
ADDED from 青岛部落/青岛部落/AndroidManifest.xml:40:5-89
	android:name
		ADDED from 青岛部落/青岛部落/AndroidManifest.xml:40:22-86
uses-permission#android.permission.CHANGE_NETWORK_STATE
ADDED from 青岛部落/青岛部落/AndroidManifest.xml:41:5-79
	android:name
		ADDED from 青岛部落/青岛部落/AndroidManifest.xml:41:22-76
uses-permission#android.permission.GET_TASKS
ADDED from 青岛部落/青岛部落/AndroidManifest.xml:42:5-68
	android:name
		ADDED from 青岛部落/青岛部落/AndroidManifest.xml:42:22-65
application
ADDED from 青岛部落/青岛部落/AndroidManifest.xml:50:5-202:19
MERGED from [青岛部落:library:unspecified] AndroidManifest.xml:11:5-20
	android:label
		ADDED from 青岛部落/青岛部落/AndroidManifest.xml:54:9-41
	android:allowBackup
		ADDED from 青岛部落/青岛部落/AndroidManifest.xml:52:9-35
	android:icon
		ADDED from 青岛部落/青岛部落/AndroidManifest.xml:53:9-45
	android:theme
		ADDED from 青岛部落/青岛部落/AndroidManifest.xml:55:9-40
	android:name
		ADDED from 青岛部落/青岛部落/AndroidManifest.xml:51:10-66
service#cn.jpush.android.service.PushService
ADDED from 青岛部落/青岛部落/AndroidManifest.xml:59:9-69:19
	android:enabled
		ADDED from 青岛部落/青岛部落/AndroidManifest.xml:61:13-35
	android:exported
		ADDED from 青岛部落/青岛部落/AndroidManifest.xml:62:13-37
	android:name
		ADDED from 青岛部落/青岛部落/AndroidManifest.xml:60:13-64
intent-filter#cn.jpush.android.intent.PUSH_TIME+cn.jpush.android.intent.PushService+cn.jpush.android.intent.REGISTER+cn.jpush.android.intent.REPORT
ADDED from 青岛部落/青岛部落/AndroidManifest.xml:63:13-68:29
action#cn.jpush.android.intent.REGISTER
ADDED from 青岛部落/青岛部落/AndroidManifest.xml:64:17-75
	android:name
		ADDED from 青岛部落/青岛部落/AndroidManifest.xml:64:25-72
action#cn.jpush.android.intent.REPORT
ADDED from 青岛部落/青岛部落/AndroidManifest.xml:65:17-73
	android:name
		ADDED from 青岛部落/青岛部落/AndroidManifest.xml:65:25-70
action#cn.jpush.android.intent.PushService
ADDED from 青岛部落/青岛部落/AndroidManifest.xml:66:17-78
	android:name
		ADDED from 青岛部落/青岛部落/AndroidManifest.xml:66:25-75
action#cn.jpush.android.intent.PUSH_TIME
ADDED from 青岛部落/青岛部落/AndroidManifest.xml:67:17-76
	android:name
		ADDED from 青岛部落/青岛部落/AndroidManifest.xml:67:25-73
service#cn.jpush.android.service.DaemonService
ADDED from 青岛部落/青岛部落/AndroidManifest.xml:73:10-81:20
	android:enabled
		ADDED from 青岛部落/青岛部落/AndroidManifest.xml:75:14-36
	android:exported
		ADDED from 青岛部落/青岛部落/AndroidManifest.xml:76:14-37
	android:name
		ADDED from 青岛部落/青岛部落/AndroidManifest.xml:74:14-67
intent-filter#cn.jpush.android.intent.DaemonService+com.example.qingdao
ADDED from 青岛部落/青岛部落/AndroidManifest.xml:77:14-80:30
action#cn.jpush.android.intent.DaemonService
ADDED from 青岛部落/青岛部落/AndroidManifest.xml:78:18-81
	android:name
		ADDED from 青岛部落/青岛部落/AndroidManifest.xml:78:26-78
category#com.example.qingdao
ADDED from 青岛部落/青岛部落/AndroidManifest.xml:79:18-64
	android:name
		ADDED from 青岛部落/青岛部落/AndroidManifest.xml:79:28-62
receiver#cn.jpush.android.service.PushReceiver
ADDED from 青岛部落/青岛部落/AndroidManifest.xml:84:9-101:20
	android:enabled
		ADDED from 青岛部落/青岛部落/AndroidManifest.xml:86:13-35
	android:name
		ADDED from 青岛部落/青岛部落/AndroidManifest.xml:85:13-65
intent-filter#cn.jpush.android.intent.NOTIFICATION_RECEIVED_PROXY+com.example.qingdao
ADDED from 青岛部落/青岛部落/AndroidManifest.xml:87:11-90:29
	android:priority
		ADDED from 青岛部落/青岛部落/AndroidManifest.xml:87:26-49
action#cn.jpush.android.intent.NOTIFICATION_RECEIVED_PROXY
ADDED from 青岛部落/青岛部落/AndroidManifest.xml:88:17-94
	android:name
		ADDED from 青岛部落/青岛部落/AndroidManifest.xml:88:25-91
intent-filter#android.intent.action.USER_PRESENT+android.net.conn.CONNECTIVITY_CHANGE
ADDED from 青岛部落/青岛部落/AndroidManifest.xml:91:13-94:29
action#android.intent.action.USER_PRESENT
ADDED from 青岛部落/青岛部落/AndroidManifest.xml:92:17-77
	android:name
		ADDED from 青岛部落/青岛部落/AndroidManifest.xml:92:25-74
action#android.net.conn.CONNECTIVITY_CHANGE
ADDED from 青岛部落/青岛部落/AndroidManifest.xml:93:17-79
	android:name
		ADDED from 青岛部落/青岛部落/AndroidManifest.xml:93:25-76
intent-filter#android.intent.action.PACKAGE_ADDED+android.intent.action.PACKAGE_REMOVED
ADDED from 青岛部落/青岛部落/AndroidManifest.xml:96:13-100:29
action#android.intent.action.PACKAGE_ADDED
ADDED from 青岛部落/青岛部落/AndroidManifest.xml:97:17-78
	android:name
		ADDED from 青岛部落/青岛部落/AndroidManifest.xml:97:25-75
action#android.intent.action.PACKAGE_REMOVED
ADDED from 青岛部落/青岛部落/AndroidManifest.xml:98:17-80
	android:name
		ADDED from 青岛部落/青岛部落/AndroidManifest.xml:98:25-77
data
ADDED from 青岛部落/青岛部落/AndroidManifest.xml:99:17-50
	android:scheme
		ADDED from 青岛部落/青岛部落/AndroidManifest.xml:99:23-47
activity#cn.jpush.android.ui.PushActivity
ADDED from 青岛部落/青岛部落/AndroidManifest.xml:103:9-112:20
	android:exported
		ADDED from 青岛部落/青岛部落/AndroidManifest.xml:106:13-37
	android:configChanges
		ADDED from 青岛部落/青岛部落/AndroidManifest.xml:105:13-63
	android:name
		ADDED from 青岛部落/青岛部落/AndroidManifest.xml:104:13-60
intent-filter#android.intent.category.DEFAULT+cn.jpush.android.ui.PushActivity+com.example.qingdao
ADDED from 青岛部落/青岛部落/AndroidManifest.xml:107:13-111:29
action#cn.jpush.android.ui.PushActivity
ADDED from 青岛部落/青岛部落/AndroidManifest.xml:108:17-75
	android:name
		ADDED from 青岛部落/青岛部落/AndroidManifest.xml:108:25-72
category#android.intent.category.DEFAULT
ADDED from 青岛部落/青岛部落/AndroidManifest.xml:109:17-76
	android:name
		ADDED from 青岛部落/青岛部落/AndroidManifest.xml:109:27-73
service#cn.jpush.android.service.DownloadService
ADDED from 青岛部落/青岛部落/AndroidManifest.xml:114:9-118:19
	android:enabled
		ADDED from 青岛部落/青岛部落/AndroidManifest.xml:116:13-35
	android:exported
		ADDED from 青岛部落/青岛部落/AndroidManifest.xml:117:13-37
	android:name
		ADDED from 青岛部落/青岛部落/AndroidManifest.xml:115:13-68
receiver#cn.jpush.android.service.AlarmReceiver
ADDED from 青岛部落/青岛部落/AndroidManifest.xml:120:9-75
	android:name
		ADDED from 青岛部落/青岛部落/AndroidManifest.xml:120:19-72
receiver#com.example.qingdao.recever.Recever
ADDED from 青岛部落/青岛部落/AndroidManifest.xml:123:10-141:21
	android:enabled
		ADDED from 青岛部落/青岛部落/AndroidManifest.xml:125:14-36
	android:name
		ADDED from 青岛部落/青岛部落/AndroidManifest.xml:124:14-64
intent-filter#cn.jpush.android.intent.ACTION_RICHPUSH_CALLBACK+cn.jpush.android.intent.CONNECTION+cn.jpush.android.intent.MESSAGE_RECEIVED+cn.jpush.android.intent.NOTIFICATION_OPENED+cn.jpush.android.intent.NOTIFICATION_RECEIVED+cn.jpush.android.intent.REGISTRATION+com.example.qingdao
ADDED from 青岛部落/青岛部落/AndroidManifest.xml:126:14-140:30
action#cn.jpush.android.intent.REGISTRATION
ADDED from 青岛部落/青岛部落/AndroidManifest.xml:128:18-80
	android:name
		ADDED from 青岛部落/青岛部落/AndroidManifest.xml:128:26-77
action#cn.jpush.android.intent.MESSAGE_RECEIVED
ADDED from 青岛部落/青岛部落/AndroidManifest.xml:130:18-84
	android:name
		ADDED from 青岛部落/青岛部落/AndroidManifest.xml:130:26-81
action#cn.jpush.android.intent.NOTIFICATION_RECEIVED
ADDED from 青岛部落/青岛部落/AndroidManifest.xml:132:18-89
	android:name
		ADDED from 青岛部落/青岛部落/AndroidManifest.xml:132:26-86
action#cn.jpush.android.intent.NOTIFICATION_OPENED
ADDED from 青岛部落/青岛部落/AndroidManifest.xml:134:18-87
	android:name
		ADDED from 青岛部落/青岛部落/AndroidManifest.xml:134:26-84
action#cn.jpush.android.intent.ACTION_RICHPUSH_CALLBACK
ADDED from 青岛部落/青岛部落/AndroidManifest.xml:136:18-92
	android:name
		ADDED from 青岛部落/青岛部落/AndroidManifest.xml:136:26-89
action#cn.jpush.android.intent.CONNECTION
ADDED from 青岛部落/青岛部落/AndroidManifest.xml:138:18-78
	android:name
		ADDED from 青岛部落/青岛部落/AndroidManifest.xml:138:26-75
meta-data#JPUSH_CHANNEL
ADDED from 青岛部落/青岛部落/AndroidManifest.xml:149:9-84
	android:value
		ADDED from 青岛部落/青岛部落/AndroidManifest.xml:149:49-82
	android:name
		ADDED from 青岛部落/青岛部落/AndroidManifest.xml:149:20-48
meta-data#JPUSH_APPKEY
ADDED from 青岛部落/青岛部落/AndroidManifest.xml:151:9-90
	android:value
		ADDED from 青岛部落/青岛部落/AndroidManifest.xml:151:48-88
	android:name
		ADDED from 青岛部落/青岛部落/AndroidManifest.xml:151:20-47
activity#com.example.qingdao.StartActivity
ADDED from 青岛部落/青岛部落/AndroidManifest.xml:152:9-160:20
	android:label
		ADDED from 青岛部落/青岛部落/AndroidManifest.xml:154:13-45
	android:name
		ADDED from 青岛部落/青岛部落/AndroidManifest.xml:153:13-61
intent-filter#android.intent.action.MAIN+android.intent.category.LAUNCHER
ADDED from 青岛部落/青岛部落/AndroidManifest.xml:155:13-159:29
action#android.intent.action.MAIN
ADDED from 青岛部落/青岛部落/AndroidManifest.xml:156:17-69
	android:name
		ADDED from 青岛部落/青岛部落/AndroidManifest.xml:156:25-66
category#android.intent.category.LAUNCHER
ADDED from 青岛部落/青岛部落/AndroidManifest.xml:158:17-77
	android:name
		ADDED from 青岛部落/青岛部落/AndroidManifest.xml:158:27-74
activity#com.example.qingdao.newGuide
ADDED from 青岛部落/青岛部落/AndroidManifest.xml:161:9-64
	android:name
		ADDED from 青岛部落/青岛部落/AndroidManifest.xml:161:19-62
activity#com.example.qingdao.mainActivity
ADDED from 青岛部落/青岛部落/AndroidManifest.xml:162:9-166:15
	android:theme
		ADDED from 青岛部落/青岛部落/AndroidManifest.xml:163:13-63
	android:name
		ADDED from 青岛部落/青岛部落/AndroidManifest.xml:162:19-66
activity#com.example.qingdao.newsDetailActiviy
ADDED from 青岛部落/青岛部落/AndroidManifest.xml:167:9-73
	android:name
		ADDED from 青岛部落/青岛部落/AndroidManifest.xml:167:19-71
activity#com.mob.tools.MobUIShell
ADDED from 青岛部落/青岛部落/AndroidManifest.xml:169:9-189:13
	android:screenOrientation
		ADDED from 青岛部落/青岛部落/AndroidManifest.xml:173:6-42
	android:windowSoftInputMode
		ADDED from 青岛部落/青岛部落/AndroidManifest.xml:174:6-60
	android:configChanges
		ADDED from 青岛部落/青岛部落/AndroidManifest.xml:172:6-67
	android:theme
		ADDED from 青岛部落/青岛部落/AndroidManifest.xml:171:6-65
	android:name
		ADDED from 青岛部落/青岛部落/AndroidManifest.xml:170:6-45
intent-filter#android.intent.action.VIEW+android.intent.category.BROWSABLE+android.intent.category.DEFAULT
ADDED from 青岛部落/青岛部落/AndroidManifest.xml:176:6-181:22
action#android.intent.action.VIEW
ADDED from 青岛部落/青岛部落/AndroidManifest.xml:178:10-62
	android:name
		ADDED from 青岛部落/青岛部落/AndroidManifest.xml:178:18-59
category#android.intent.category.BROWSABLE
ADDED from 青岛部落/青岛部落/AndroidManifest.xml:179:10-71
	android:name
		ADDED from 青岛部落/青岛部落/AndroidManifest.xml:179:20-68
intent-filter#android.intent.category.DEFAULT+com.sina.weibo.sdk.action.ACTION_SDK_REQ_ACTIVITY
ADDED from 青岛部落/青岛部落/AndroidManifest.xml:184:5-187:21
action#com.sina.weibo.sdk.action.ACTION_SDK_REQ_ACTIVITY
ADDED from 青岛部落/青岛部落/AndroidManifest.xml:185:9-84
	android:name
		ADDED from 青岛部落/青岛部落/AndroidManifest.xml:185:17-81
activity#com.example.qingdao.wxapi.WXEntryActivity
ADDED from 青岛部落/青岛部落/AndroidManifest.xml:192:2-197:45
	android:screenOrientation
		ADDED from 青岛部落/青岛部落/AndroidManifest.xml:197:6-42
	android:exported
		ADDED from 青岛部落/青岛部落/AndroidManifest.xml:196:6-29
	android:configChanges
		ADDED from 青岛部落/青岛部落/AndroidManifest.xml:195:6-67
	android:theme
		ADDED from 青岛部落/青岛部落/AndroidManifest.xml:194:6-65
	android:name
		ADDED from 青岛部落/青岛部落/AndroidManifest.xml:193:6-43